2023-10-29 22:37:41,574 [Worker-4: Loading available Gradle versions] INFO  o.e.b.c.i.u.g.PublishedGradleVersions - Gradle version information cache is up-to-date. Trying to read.
2023-10-29 22:39:34,484 [Worker-15: Building] INFO  o.e.m.c.i.l.LifecycleMappingFactory - Using org.maven.ide.eclipse.wtp.WarLifecycleMapping lifecycle mapping for MavenProject: org.example:vebinarcrud:1.0-SNAPSHOT @ C:\Users\User\Desktop\Разработка Java\FinalProject\vebinarcrud\pom.xml.
2023-10-29 22:39:45,553 [Worker-15: Building] INFO  o.a.m.s.f.DefaultMavenResourcesFiltering - Copying 0 resource from src\main\resources to target\classes
2023-10-29 22:39:45,562 [Worker-15: Building] INFO  o.a.m.s.f.DefaultMavenResourcesFiltering - skip non existing resourceDirectory C:\Users\User\Desktop\Разработка Java\FinalProject\vebinarcrud\src\test\resources
2023-10-29 23:03:21,541 [main] INFO  org.eclipse.jetty.server.Server - jetty-10.0.15; built: 2023-04-11T17:25:14.480Z; git: 68017dbd00236bb7e187330d7585a059610f661d; jvm 17.0.9+9
2023-10-29 23:03:21,601 [main] INFO  o.e.j.s.s.DefaultSessionIdManager - Session workerName=node0
2023-10-29 23:03:21,691 [main] INFO  o.e.j.server.handler.ContextHandler - Started o.e.j.s.ServletContextHandler@6df6e593{/wse,null,AVAILABLE}
2023-10-29 23:03:21,758 [main] INFO  o.e.jetty.server.AbstractConnector - Started ServerConnector@454abf37{HTTP/1.1, (http/1.1)}{0.0.0.0:51325}
2023-10-29 23:03:21,770 [main] INFO  org.eclipse.jetty.server.Server - Started Server@457c0bbe{STARTING}[10.0.15,sto=0] @1648860ms
2023-10-29 23:31:46,159 [Worker-52: Updating Maven Project] INFO  o.e.m.c.i.p.ProjectConfigurationManager - Update started
2023-10-29 23:31:46,674 [Worker-52: Updating Maven Project] INFO  o.e.m.c.i.l.LifecycleMappingFactory - Using org.maven.ide.eclipse.wtp.WarLifecycleMapping lifecycle mapping for MavenProject: org.example:vebinarcrud:1.0-SNAPSHOT @ C:\Users\User\Desktop\Разработка Java\FinalProject\vebinarcrud\pom.xml.
2023-10-29 23:31:48,310 [Worker-52: Updating Maven Project] INFO  o.e.m.j.i.AbstractJavaProjectConfigurator - Adding source folder /vebinarcrud/src/main/java
2023-10-29 23:31:48,311 [Worker-52: Updating Maven Project] INFO  o.e.m.j.i.AbstractJavaProjectConfigurator - Adding resource folder /vebinarcrud/src/main/resources
2023-10-29 23:31:48,312 [Worker-52: Updating Maven Project] INFO  o.e.m.j.i.AbstractJavaProjectConfigurator - Adding source folder /vebinarcrud/src/test/java
2023-10-29 23:31:48,313 [Worker-52: Updating Maven Project] INFO  o.e.m.j.i.AbstractJavaProjectConfigurator - Adding resource folder /vebinarcrud/src/test/resources
2023-10-29 23:31:49,591 [Worker-52: Updating Maven Project] INFO  o.e.m.w.i.f.ResourceFilteringBuildParticipant - Cleaning filtered folder for vebinarcrud
2023-10-29 23:31:49,688 [Worker-52: Updating Maven Project] INFO  o.e.m.c.i.p.ProjectConfigurationManager - Update completed for 1 poms: local refresh takes 0,00 sec, refresh facades takes 1,00 sec, update config takes 0,00 sec 
2023-10-29 23:31:50,239 [Worker-54: Building] INFO  o.a.m.s.f.DefaultMavenResourcesFiltering - Copying 0 resource from src\main\resources to target\classes
2023-10-29 23:31:50,246 [Worker-54: Building] INFO  o.a.m.s.f.DefaultMavenResourcesFiltering - skip non existing resourceDirectory C:\Users\User\Desktop\Разработка Java\FinalProject\vebinarcrud\src\test\resources
2023-10-29 23:31:50,247 [Worker-54: Building] INFO  o.e.m.w.i.f.ResourceFilteringBuildParticipant - Changed resources require a complete clean of filtered resources of vebinarcrud
2023-10-29 23:31:50,247 [Worker-54: Building] INFO  o.e.m.w.i.f.ResourceFilteringBuildParticipant - Executing resource filtering for vebinarcrud
2023-10-29 23:33:47,533 [Worker-57: Building] INFO  o.a.m.s.f.DefaultMavenResourcesFiltering - Copying 0 resource from src\main\resources to target\classes
2023-10-29 23:33:47,539 [Worker-57: Building] INFO  o.a.m.s.f.DefaultMavenResourcesFiltering - skip non existing resourceDirectory C:\Users\User\Desktop\Разработка Java\FinalProject\vebinarcrud\src\test\resources
2023-10-29 23:36:08,902 [Worker-42: Updating Maven Project] INFO  o.e.m.c.i.p.ProjectConfigurationManager - Update started
2023-10-29 23:36:09,383 [Worker-42: Updating Maven Project] INFO  o.e.m.c.i.l.LifecycleMappingFactory - Using org.maven.ide.eclipse.wtp.WarLifecycleMapping lifecycle mapping for MavenProject: org.example:vebinarcrud:1.0-SNAPSHOT @ C:\Users\User\Desktop\Разработка Java\FinalProject\vebinarcrud\pom.xml.
2023-10-29 23:36:10,879 [Worker-42: Updating Maven Project] INFO  o.e.m.j.i.AbstractJavaProjectConfigurator - Adding source folder /vebinarcrud/src/main/java
2023-10-29 23:36:10,879 [Worker-42: Updating Maven Project] INFO  o.e.m.j.i.AbstractJavaProjectConfigurator - Adding resource folder /vebinarcrud/src/main/resources
2023-10-29 23:36:10,880 [Worker-42: Updating Maven Project] INFO  o.e.m.j.i.AbstractJavaProjectConfigurator - Adding source folder /vebinarcrud/src/test/java
2023-10-29 23:36:10,881 [Worker-42: Updating Maven Project] INFO  o.e.m.j.i.AbstractJavaProjectConfigurator - Adding resource folder /vebinarcrud/src/test/resources
2023-10-29 23:36:11,412 [Worker-42: Updating Maven Project] INFO  o.e.m.w.i.f.ResourceFilteringBuildParticipant - Cleaning filtered folder for vebinarcrud
2023-10-29 23:36:11,550 [Worker-42: Updating Maven Project] INFO  o.e.m.c.i.p.ProjectConfigurationManager - Update completed for 1 poms: local refresh takes 0,00 sec, refresh facades takes 1,00 sec, update config takes 0,00 sec 
2023-10-29 23:36:12,364 [Worker-58: Building] INFO  o.a.m.s.f.DefaultMavenResourcesFiltering - Copying 0 resource from src\main\resources to target\classes
2023-10-29 23:36:12,370 [Worker-58: Building] INFO  o.a.m.s.f.DefaultMavenResourcesFiltering - skip non existing resourceDirectory C:\Users\User\Desktop\Разработка Java\FinalProject\vebinarcrud\src\test\resources
2023-10-29 23:36:12,370 [Worker-58: Building] INFO  o.e.m.w.i.f.ResourceFilteringBuildParticipant - Changed resources require a complete clean of filtered resources of vebinarcrud
2023-10-29 23:36:12,370 [Worker-58: Building] INFO  o.e.m.w.i.f.ResourceFilteringBuildParticipant - Executing resource filtering for vebinarcrud
2023-10-29 23:37:09,793 [Framework stop - Equinox Container: 72a5fba6-abaf-47dd-830b-c84def30923e] INFO  org.eclipse.jetty.server.Server - Stopped Server@457c0bbe{STOPPING}[10.0.15,sto=0]
2023-10-29 23:37:09,800 [Framework stop - Equinox Container: 72a5fba6-abaf-47dd-830b-c84def30923e] INFO  o.e.jetty.server.AbstractConnector - Stopped ServerConnector@454abf37{HTTP/1.1, (http/1.1)}{0.0.0.0:0}
2023-10-29 23:37:09,898 [Framework stop - Equinox Container: 72a5fba6-abaf-47dd-830b-c84def30923e] INFO  o.e.j.server.handler.ContextHandler - Stopped o.e.j.s.ServletContextHandler@6df6e593{/wse,null,STOPPED}
